Beginning in Rails 4, Rails ships with a `rails` binstub at ./bin/rails that
should be used instead of the Bundler-generated `rails` binstub.

If you are seeing this message, your binstub at ./bin/rails was generated by
Bundler instead of Rails.

You might need to regenerate your `rails` binstub locally and add it to source
control:

 rails app:update:bin           # Bear in mind this generates other binstubs
                                # too that you may or may not want (like yarn)

If you already have Rails binstubs in source control, you might be
inadvertently overwriting them during deployment by using bundle install
with the --binstubs option.

If your application was created prior to Rails 4, here's how to upgrade:

  bundle config --delete bin    # Turn off Bundler's stub generator
  rails app:update:bin          # Use the new Rails executables
  git add bin                   # Add bin/ to source control

You may need to remove bin/ from your .gitignore as well.

When you install a gem whose executable you want to use in your app,
generate it and add it to source control:

  bundle binstubs some-gem-name
  git add bin/new-executable

=> Booting Puma
=> Rails 7.0.5 application starting in development 
=> Run `bin/rails server --help` for more startup options
Puma starting in single mode...
* Puma version: 5.6.5 (ruby 3.2.2-p53) ("Birdie's Version")
*  Min threads: 5
*  Max threads: 5
*  Environment: development
*          PID: 4803
* Listening on http://0.0.0.0:3000
Use Ctrl-C to stop
- Gracefully stopping, waiting for requests to finish
=== puma shutdown: 2023-06-29 14:20:48 +0000 ===
- Goodbye!
Exiting
Usage:
  rails new APP_PATH [options]

Options:
            [--skip-namespace], [--no-skip-namespace]              # Skip namespace (affects only isolated engines)
            [--skip-collision-check], [--no-skip-collision-check]  # Skip collision check
  -r,       [--ruby=PATH]                                          # Path to the Ruby binary of your choice
                                                                   # Default: /home/Tutera/.rbenv/versions/3.2.2/bin/ruby
  -m,       [--template=TEMPLATE]                                  # Path to some application template (can be a filesystem path or URL)
  -d,       [--database=DATABASE]                                  # Preconfigure for selected database (options: mysql/postgresql/sqlite3/oracle/sqlserver/jdbcmysql/jdbcsqlite3/jdbcpostgresql/jdbc)
                                                                   # Default: sqlite3
  -G,       [--skip-git], [--no-skip-git]                          # Skip .gitignore file
            [--skip-keeps], [--no-skip-keeps]                      # Skip source control .keep files
  -M,       [--skip-action-mailer], [--no-skip-action-mailer]      # Skip Action Mailer files
            [--skip-action-mailbox], [--no-skip-action-mailbox]    # Skip Action Mailbox gem
            [--skip-action-text], [--no-skip-action-text]          # Skip Action Text gem
  -O,       [--skip-active-record], [--no-skip-active-record]      # Skip Active Record files
            [--skip-active-job], [--no-skip-active-job]            # Skip Active Job
            [--skip-active-storage], [--no-skip-active-storage]    # Skip Active Storage files
  -C,       [--skip-action-cable], [--no-skip-action-cable]        # Skip Action Cable files
  -A,       [--skip-asset-pipeline], [--no-skip-asset-pipeline]    # Indicates when to generate skip asset pipeline
  -a,       [--asset-pipeline=ASSET_PIPELINE]                      # Choose your asset pipeline [options: sprockets (default), propshaft]
                                                                   # Default: sprockets
  -J,       [--skip-javascript], [--no-skip-javascript]            # Skip JavaScript files
            [--skip-hotwire], [--no-skip-hotwire]                  # Skip Hotwire integration
            [--skip-jbuilder], [--no-skip-jbuilder]                # Skip jbuilder gem
  -T,       [--skip-test], [--no-skip-test]                        # Skip test files
            [--skip-system-test], [--no-skip-system-test]          # Skip system test files
            [--skip-bootsnap], [--no-skip-bootsnap]                # Skip bootsnap gem
            [--dev], [--no-dev]                                    # Set up the application with Gemfile pointing to your Rails checkout
            [--edge], [--no-edge]                                  # Set up the application with Gemfile pointing to Rails repository
  --master, [--main], [--no-main]                                  # Set up the application with Gemfile pointing to Rails repository main branch
            [--rc=RC]                                              # Path to file containing extra configuration options for rails command
            [--no-rc], [--no-no-rc]                                # Skip loading of extra configuration options from .railsrc file
            [--api], [--no-api]                                    # Preconfigure smaller stack for API only apps
            [--minimal], [--no-minimal]                            # Preconfigure a minimal rails app
  -j,       [--javascript=JAVASCRIPT]                              # Choose JavaScript approach [options: importmap (default), webpack, esbuild, rollup]
                                                                   # Default: importmap
  -c,       [--css=CSS]                                            # Choose CSS processor [options: tailwind, bootstrap, bulma, postcss, sass] check https://github.com/rails/cssbundling-rails
  -B,       [--skip-bundle], [--no-skip-bundle]                    # Don't run bundle install

Runtime options:
  -f, [--force]                    # Overwrite files that already exist
  -p, [--pretend], [--no-pretend]  # Run but do not make any changes
  -q, [--quiet], [--no-quiet]      # Suppress status output
  -s, [--skip], [--no-skip]        # Skip files that already exist

Rails options:
  -h, [--help], [--no-help]        # Show this help message and quit
  -v, [--version], [--no-version]  # Show Rails version number and quit

Description:
    The 'rails new' command creates a new Rails application with a default
    directory structure and configuration at the path you specify.

    You can specify extra command-line arguments to be used every time
    'rails new' runs in the .railsrc configuration file in your home directory,
    or in $XDG_CONFIG_HOME/rails/railsrc if XDG_CONFIG_HOME is set.

    Note that the arguments specified in the .railsrc file don't affect the
    defaults values shown above in this help message.

Example:
    rails new ~/Code/Ruby/weblog

    This generates a skeletal Rails installation in ~/Code/Ruby/weblog.
Beginning in Rails 4, Rails ships with a `rails` binstub at ./bin/rails that
should be used instead of the Bundler-generated `rails` binstub.

If you are seeing this message, your binstub at ./bin/rails was generated by
Bundler instead of Rails.

You might need to regenerate your `rails` binstub locally and add it to source
control:

 rails app:update:bin           # Bear in mind this generates other binstubs
                                # too that you may or may not want (like yarn)

If you already have Rails binstubs in source control, you might be
inadvertently overwriting them during deployment by using bundle install
with the --binstubs option.

If your application was created prior to Rails 4, here's how to upgrade:

  bundle config --delete bin    # Turn off Bundler's stub generator
  rails app:update:bin          # Use the new Rails executables
  git add bin                   # Add bin/ to source control

You may need to remove bin/ from your .gitignore as well.

When you install a gem whose executable you want to use in your app,
generate it and add it to source control:

  bundle binstubs some-gem-name
  git add bin/new-executable

=> Booting Puma
=> Rails 7.0.5 application starting in development 
=> Run `bin/rails server --help` for more startup options
Puma starting in single mode...
* Puma version: 5.6.5 (ruby 3.2.2-p53) ("Birdie's Version")
*  Min threads: 5
*  Max threads: 5
*  Environment: development
*          PID: 4850
* Listening on http://0.0.0.0:3000
Use Ctrl-C to stop
Started GET "/admin/user_request_positions/" for 172.16.1.240 at 2023-06-29 14:21:38 +0000
/home/Tutera/ltcdata-api/vendor/bundle/ruby/3.2.0/gems/activerecord-sqlserver-adapter-7.0.2.0/lib/active_record/connection_adapters/sqlserver_adapter.rb:111: warning: undefining the allocator of T_DATA class TinyTds::Result
  [1m[35mSQL (0.5ms)[0m  [1m[35mUSE [MasterSecurity][0m
Processing by MasterSecurity::UserRequestPositionsController#index as HTML
[active_model_serializers] Rendered ActiveModel::Serializer::Null with Hash (0.15ms)
  [1m[35mSQL (0.5ms)[0m  [1m[35mUSE [MasterSecurity][0m
  ↳ app/models/user_request_position.rb:4:in `block in <class:UserRequestPosition>'
  [1m[36mUserRequestPosition Load (1.2ms)[0m  [1m[34mSELECT [User_Request_Positions].* FROM [User_Request_Positions] WHERE (Active_From <= '06-29-2023' AND Active_Until >= '06-29-2023')[0m
  ↳ app/controllers/master_security/user_request_positions_controller.rb:9:in `index'
[active_model_serializers] Rendered ActiveModel::Serializer::CollectionSerializer with ActiveModelSerializers::Adapter::Attributes (11.65ms)
Completed 200 OK in 107ms (Views: 32.3ms | ActiveRecord: 11.7ms | Allocations: 32906)


Started GET "/facilities/158/regionals" for 172.16.1.151 at 2023-06-29 14:43:21 +0000
Processing by MasterSecurity::FacilitiesController#regionals as HTML
  Parameters: {"id"=>"158"}
  [1m[35mSQL (0.5ms)[0m  [1m[35mUSE [MasterSecurity][0m
  ↳ app/controllers/master_security/facilities_controller.rb:48:in `set_facility'
  [1m[35mSQL (0.6ms)[0m  [1m[35mUSE [MasterSecurity][0m
  ↳ app/controllers/master_security/facilities_controller.rb:48:in `set_facility'
  [1m[36mFacility Load (2.8ms)[0m  [1m[35mEXEC sp_executesql N'SELECT [Company_List].* FROM [Company_List] WHERE [Company_List].[Co_Serial] = @0 ORDER BY [Company_List].[Co_Serial] ASC OFFSET 0 ROWS FETCH NEXT @1 ROWS ONLY', N'@0 int, @1 int', @0 = 158, @1 = 1[0m  [["Co_Serial", nil], ["LIMIT", nil]]
  ↳ app/controllers/master_security/facilities_controller.rb:48:in `set_facility'
  [1m[36mExecute Procedure (10.3ms)[0m  [1m[35mEXEC _CustomSP_FacilityStaff_Regionals N'158', 1[0m
  ↳ app/controllers/master_security/facilities_controller.rb:43:in `regionals'
Completed 500 Internal Server Error in 321ms (ActiveRecord: 145.5ms | Allocations: 86873)


  
ActiveRecord::StatementInvalid (TinyTds::Error: Conversion failed when converting the nvarchar value 'MATTOON' to data type int.):
  
app/controllers/master_security/facilities_controller.rb:43:in `regionals'
Started GET "/facilities/158/facility_staff" for 172.16.1.151 at 2023-06-29 14:43:23 +0000
Processing by MasterSecurity::FacilitiesController#facility_staff as HTML
  Parameters: {"id"=>"158"}
  [1m[36mFacility Load (0.9ms)[0m  [1m[35mEXEC sp_executesql N'SELECT [Company_List].* FROM [Company_List] WHERE [Company_List].[Co_Serial] = @0 ORDER BY [Company_List].[Co_Serial] ASC OFFSET 0 ROWS FETCH NEXT @1 ROWS ONLY', N'@0 int, @1 int', @0 = 158, @1 = 1[0m  [["Co_Serial", nil], ["LIMIT", nil]]
  ↳ app/controllers/master_security/facilities_controller.rb:48:in `set_facility'
  [1m[36mExecute Procedure (1.4ms)[0m  [1m[35mEXEC _CustomSP_FacilityStaff_Regionals N'158', 0[0m
  ↳ app/controllers/master_security/facilities_controller.rb:38:in `facility_staff'
Completed 500 Internal Server Error in 6ms (ActiveRecord: 2.3ms | Allocations: 1385)


  
ActiveRecord::StatementInvalid (TinyTds::Error: Conversion failed when converting the nvarchar value 'MATTOON' to data type int.):
  
app/controllers/master_security/facilities_controller.rb:38:in `facility_staff'
Started POST "/login" for 172.16.1.151 at 2023-06-29 14:43:53 +0000
Processing by SessionsController#create as HTML
  Parameters: {"User_Name"=>"SamanthaB", "Password"=>"[FILTERED]", "session"=>{"User_Name"=>"SamanthaB", "Password"=>"[FILTERED]"}}
  [1m[36mUser Load (2.0ms)[0m  [1m[35mEXEC sp_executesql N'SELECT [User_Table].* FROM [User_Table] WHERE [User_Table].[User_Name] = @0 ORDER BY [User_Table].[User_Name] ASC OFFSET 0 ROWS FETCH NEXT @1 ROWS ONLY', N'@0 varchar(50), @1 int', @0 = 'SamanthaB', @1 = 1[0m  [["User_Name", nil], ["LIMIT", nil]]
  ↳ app/controllers/sessions_controller.rb:3:in `create'
[active_model_serializers]   [1m[36mAccessProfile Load (3.5ms)[0m  [1m[35mEXEC sp_executesql N'SELECT [Access_Profiles].* FROM [Access_Profiles] WHERE [Access_Profiles].[Access_Profile] = @0 ORDER BY [Access_Profiles].[Access_Profile] ASC OFFSET 0 ROWS FETCH NEXT @1 ROWS ONLY', N'@0 int, @1 int', @0 = 1091, @1 = 1[0m  [["Access_Profile", nil], ["LIMIT", nil]]
[active_model_serializers]   ↳ app/controllers/sessions_controller.rb:10:in `create'
[active_model_serializers] Rendered Users::LoginUserSerializer with ActiveModelSerializers::Adapter::Attributes (177.04ms)
Completed 200 OK in 523ms (Views: 154.0ms | ActiveRecord: 56.9ms | Allocations: 170452)


Started GET "/facilities/11/regionals" for 172.16.1.151 at 2023-06-29 14:43:58 +0000
Processing by MasterSecurity::FacilitiesController#regionals as HTML
  Parameters: {"id"=>"11"}
  [1m[36mFacility Load (1.0ms)[0m  [1m[35mEXEC sp_executesql N'SELECT [Company_List].* FROM [Company_List] WHERE [Company_List].[Co_Serial] = @0 ORDER BY [Company_List].[Co_Serial] ASC OFFSET 0 ROWS FETCH NEXT @1 ROWS ONLY', N'@0 int, @1 int', @0 = 11, @1 = 1[0m  [["Co_Serial", nil], ["LIMIT", nil]]
  ↳ app/controllers/master_security/facilities_controller.rb:48:in `set_facility'
  [1m[36mExecute Procedure (1.4ms)[0m  [1m[35mEXEC _CustomSP_FacilityStaff_Regionals N'11', 1[0m
  ↳ app/controllers/master_security/facilities_controller.rb:43:in `regionals'
Completed 500 Internal Server Error in 6ms (ActiveRecord: 2.4ms | Allocations: 1358)


  
ActiveRecord::StatementInvalid (TinyTds::Error: Conversion failed when converting the nvarchar value 'METROPOLIS' to data type int.):
  
app/controllers/master_security/facilities_controller.rb:43:in `regionals'
Started GET "/admin/user_request_positions/" for 172.16.1.240 at 2023-06-29 14:45:03 +0000
Processing by MasterSecurity::UserRequestPositionsController#index as HTML
[active_model_serializers] Rendered ActiveModel::Serializer::Null with Hash (0.12ms)
  [1m[36mUserRequestPosition Load (42.5ms)[0m  [1m[34mSELECT [User_Request_Positions].* FROM [User_Request_Positions] WHERE (Active_From <= '06-29-2023' AND Active_Until >= '06-29-2023')[0m
  ↳ app/controllers/master_security/user_request_positions_controller.rb:9:in `index'
[active_model_serializers] Rendered ActiveModel::Serializer::CollectionSerializer with ActiveModelSerializers::Adapter::Attributes (9.33ms)
Completed 200 OK in 58ms (Views: 13.0ms | ActiveRecord: 42.5ms | Allocations: 14562)


Started GET "/admin/user_request_positions/" for 172.16.1.240 at 2023-06-29 14:45:04 +0000
Processing by MasterSecurity::UserRequestPositionsController#index as HTML
[active_model_serializers] Rendered ActiveModel::Serializer::Null with Hash (0.07ms)
  [1m[36mUserRequestPosition Load (1.5ms)[0m  [1m[34mSELECT [User_Request_Positions].* FROM [User_Request_Positions] WHERE (Active_From <= '06-29-2023' AND Active_Until >= '06-29-2023')[0m
  ↳ app/controllers/master_security/user_request_positions_controller.rb:9:in `index'
[active_model_serializers] Rendered ActiveModel::Serializer::CollectionSerializer with ActiveModelSerializers::Adapter::Attributes (9.06ms)
Completed 200 OK in 16ms (Views: 12.3ms | ActiveRecord: 1.5ms | Allocations: 14529)


Started GET "/admin/user_request_positions/" for 172.16.1.240 at 2023-06-29 14:45:04 +0000
Processing by MasterSecurity::UserRequestPositionsController#index as HTML
[active_model_serializers] Rendered ActiveModel::Serializer::Null with Hash (0.07ms)
  [1m[36mUserRequestPosition Load (0.9ms)[0m  [1m[34mSELECT [User_Request_Positions].* FROM [User_Request_Positions] WHERE (Active_From <= '06-29-2023' AND Active_Until >= '06-29-2023')[0m
  ↳ app/controllers/master_security/user_request_positions_controller.rb:9:in `index'
[active_model_serializers] Rendered ActiveModel::Serializer::CollectionSerializer with ActiveModelSerializers::Adapter::Attributes (13.54ms)
Completed 200 OK in 22ms (Views: 19.5ms | ActiveRecord: 0.9ms | Allocations: 14527)


Started GET "/admin/user_request_positions/" for 172.16.1.240 at 2023-06-29 14:51:49 +0000
Processing by MasterSecurity::UserRequestPositionsController#index as HTML
[active_model_serializers] Rendered ActiveModel::Serializer::Null with Hash (0.08ms)
  [1m[35mSQL (0.9ms)[0m  [1m[35mUSE [MasterSecurity][0m
  ↳ app/models/user_request_position.rb:4:in `block in <class:UserRequestPosition>'
  [1m[35mSQL (0.5ms)[0m  [1m[35mUSE [MasterSecurity][0m
  ↳ app/controllers/master_security/user_request_positions_controller.rb:9:in `index'
  [1m[36mUserRequestPosition Load (1.2ms)[0m  [1m[34mSELECT [User_Request_Positions].* FROM [User_Request_Positions] WHERE (Active_From <= '06-29-2023' AND Active_Until >= '06-29-2023')[0m
  ↳ app/controllers/master_security/user_request_positions_controller.rb:9:in `index'
[active_model_serializers] Rendered ActiveModel::Serializer::CollectionSerializer with ActiveModelSerializers::Adapter::Attributes (9.93ms)
Completed 200 OK in 102ms (Views: 59.5ms | ActiveRecord: 4.3ms | Allocations: 16263)


Started GET "/admin/user_request_positions/" for 172.16.1.240 at 2023-06-29 14:51:49 +0000
Processing by MasterSecurity::UserRequestPositionsController#index as HTML
[active_model_serializers] Rendered ActiveModel::Serializer::Null with Hash (0.07ms)
  [1m[36mUserRequestPosition Load (1.0ms)[0m  [1m[34mSELECT [User_Request_Positions].* FROM [User_Request_Positions] WHERE (Active_From <= '06-29-2023' AND Active_Until >= '06-29-2023')[0m
  ↳ app/controllers/master_security/user_request_positions_controller.rb:9:in `index'
[active_model_serializers] Rendered ActiveModel::Serializer::CollectionSerializer with ActiveModelSerializers::Adapter::Attributes (9.92ms)
Completed 200 OK in 16ms (Views: 13.3ms | ActiveRecord: 1.0ms | Allocations: 14527)


Started GET "/admin/user_request_positions/" for 172.16.1.240 at 2023-06-29 14:51:50 +0000
Processing by MasterSecurity::UserRequestPositionsController#index as HTML
[active_model_serializers] Rendered ActiveModel::Serializer::Null with Hash (0.07ms)
  [1m[36mUserRequestPosition Load (1.0ms)[0m  [1m[34mSELECT [User_Request_Positions].* FROM [User_Request_Positions] WHERE (Active_From <= '06-29-2023' AND Active_Until >= '06-29-2023')[0m
  ↳ app/controllers/master_security/user_request_positions_controller.rb:9:in `index'
[active_model_serializers] Rendered ActiveModel::Serializer::CollectionSerializer with ActiveModelSerializers::Adapter::Attributes (8.93ms)
Completed 200 OK in 16ms (Views: 12.7ms | ActiveRecord: 1.0ms | Allocations: 14527)


Started GET "/admin/user_request_positions/" for 172.16.1.240 at 2023-06-29 14:51:50 +0000
Processing by MasterSecurity::UserRequestPositionsController#index as HTML
[active_model_serializers] Rendered ActiveModel::Serializer::Null with Hash (0.07ms)
  [1m[36mUserRequestPosition Load (0.8ms)[0m  [1m[34mSELECT [User_Request_Positions].* FROM [User_Request_Positions] WHERE (Active_From <= '06-29-2023' AND Active_Until >= '06-29-2023')[0m
  ↳ app/controllers/master_security/user_request_positions_controller.rb:9:in `index'
[active_model_serializers] Rendered ActiveModel::Serializer::CollectionSerializer with ActiveModelSerializers::Adapter::Attributes (8.99ms)
Completed 200 OK in 15ms (Views: 12.4ms | ActiveRecord: 0.8ms | Allocations: 14530)


Started GET "/admin/user_request_positions/" for 172.16.1.240 at 2023-06-29 14:51:51 +0000
Processing by MasterSecurity::UserRequestPositionsController#index as HTML
[active_model_serializers] Rendered ActiveModel::Serializer::Null with Hash (0.07ms)
  [1m[36mUserRequestPosition Load (0.8ms)[0m  [1m[34mSELECT [User_Request_Positions].* FROM [User_Request_Positions] WHERE (Active_From <= '06-29-2023' AND Active_Until >= '06-29-2023')[0m
  ↳ app/controllers/master_security/user_request_positions_controller.rb:9:in `index'
[active_model_serializers] Rendered ActiveModel::Serializer::CollectionSerializer with ActiveModelSerializers::Adapter::Attributes (8.99ms)
Completed 200 OK in 15ms (Views: 12.7ms | ActiveRecord: 0.8ms | Allocations: 14527)


Started GET "/admin/user_request_positions/" for 172.16.1.240 at 2023-06-29 14:51:51 +0000
Processing by MasterSecurity::UserRequestPositionsController#index as HTML
[active_model_serializers] Rendered ActiveModel::Serializer::Null with Hash (0.07ms)
  [1m[36mUserRequestPosition Load (0.8ms)[0m  [1m[34mSELECT [User_Request_Positions].* FROM [User_Request_Positions] WHERE (Active_From <= '06-29-2023' AND Active_Until >= '06-29-2023')[0m
  ↳ app/controllers/master_security/user_request_positions_controller.rb:9:in `index'
[active_model_serializers] Rendered ActiveModel::Serializer::CollectionSerializer with ActiveModelSerializers::Adapter::Attributes (8.89ms)
Completed 200 OK in 15ms (Views: 12.4ms | ActiveRecord: 0.8ms | Allocations: 14527)


Started GET "/admin/user_request_positions/" for 172.16.1.240 at 2023-06-29 14:51:51 +0000
Processing by MasterSecurity::UserRequestPositionsController#index as HTML
[active_model_serializers] Rendered ActiveModel::Serializer::Null with Hash (0.07ms)
  [1m[36mUserRequestPosition Load (0.7ms)[0m  [1m[34mSELECT [User_Request_Positions].* FROM [User_Request_Positions] WHERE (Active_From <= '06-29-2023' AND Active_Until >= '06-29-2023')[0m
  ↳ app/controllers/master_security/user_request_positions_controller.rb:9:in `index'
[active_model_serializers] Rendered ActiveModel::Serializer::CollectionSerializer with ActiveModelSerializers::Adapter::Attributes (9.48ms)
Completed 200 OK in 20ms (Views: 12.8ms | ActiveRecord: 0.7ms | Allocations: 14528)


Started GET "/admin/user_request_positions/" for 172.16.1.240 at 2023-06-29 14:51:51 +0000
Processing by MasterSecurity::UserRequestPositionsController#index as HTML
[active_model_serializers] Rendered ActiveModel::Serializer::Null with Hash (0.06ms)
  [1m[36mUserRequestPosition Load (0.8ms)[0m  [1m[34mSELECT [User_Request_Positions].* FROM [User_Request_Positions] WHERE (Active_From <= '06-29-2023' AND Active_Until >= '06-29-2023')[0m
  ↳ app/controllers/master_security/user_request_positions_controller.rb:9:in `index'
[active_model_serializers] Rendered ActiveModel::Serializer::CollectionSerializer with ActiveModelSerializers::Adapter::Attributes (8.87ms)
Completed 200 OK in 15ms (Views: 12.5ms | ActiveRecord: 0.8ms | Allocations: 14527)


Started GET "/admin/user_request_positions/" for 172.16.1.240 at 2023-06-29 14:51:51 +0000
Processing by MasterSecurity::UserRequestPositionsController#index as HTML
[active_model_serializers] Rendered ActiveModel::Serializer::Null with Hash (0.06ms)
  [1m[36mUserRequestPosition Load (1.1ms)[0m  [1m[34mSELECT [User_Request_Positions].* FROM [User_Request_Positions] WHERE (Active_From <= '06-29-2023' AND Active_Until >= '06-29-2023')[0m
  ↳ app/controllers/master_security/user_request_positions_controller.rb:9:in `index'
[active_model_serializers] Rendered ActiveModel::Serializer::CollectionSerializer with ActiveModelSerializers::Adapter::Attributes (10.44ms)
Completed 200 OK in 17ms (Views: 14.6ms | ActiveRecord: 1.1ms | Allocations: 14527)


Started GET "/admin/user_request_positions/" for 172.16.1.240 at 2023-06-29 14:51:52 +0000
Processing by MasterSecurity::UserRequestPositionsController#index as HTML
[active_model_serializers] Rendered ActiveModel::Serializer::Null with Hash (0.05ms)
  [1m[36mUserRequestPosition Load (1.3ms)[0m  [1m[34mSELECT [User_Request_Positions].* FROM [User_Request_Positions] WHERE (Active_From <= '06-29-2023' AND Active_Until >= '06-29-2023')[0m
  ↳ app/controllers/master_security/user_request_positions_controller.rb:9:in `index'
[active_model_serializers] Rendered ActiveModel::Serializer::CollectionSerializer with ActiveModelSerializers::Adapter::Attributes (15.41ms)
Completed 200 OK in 22ms (Views: 19.0ms | ActiveRecord: 1.3ms | Allocations: 14527)


Started GET "/admin/user_request_positions/" for 172.16.1.240 at 2023-06-29 14:51:52 +0000
Processing by MasterSecurity::UserRequestPositionsController#index as HTML
[active_model_serializers] Rendered ActiveModel::Serializer::Null with Hash (0.06ms)
  [1m[36mUserRequestPosition Load (3.0ms)[0m  [1m[34mSELECT [User_Request_Positions].* FROM [User_Request_Positions] WHERE (Active_From <= '06-29-2023' AND Active_Until >= '06-29-2023')[0m
  ↳ app/controllers/master_security/user_request_positions_controller.rb:9:in `index'
[active_model_serializers] Rendered ActiveModel::Serializer::CollectionSerializer with ActiveModelSerializers::Adapter::Attributes (10.04ms)
Completed 200 OK in 19ms (Views: 14.1ms | ActiveRecord: 3.0ms | Allocations: 14527)


- Gracefully stopping, waiting for requests to finish
=== puma shutdown: 2023-06-29 14:51:55 +0000 ===
- Goodbye!
Exiting
Usage:
  rails new APP_PATH [options]

Options:
            [--skip-namespace], [--no-skip-namespace]              # Skip namespace (affects only isolated engines)
            [--skip-collision-check], [--no-skip-collision-check]  # Skip collision check
  -r,       [--ruby=PATH]                                          # Path to the Ruby binary of your choice
                                                                   # Default: /home/Tutera/.rbenv/versions/3.2.2/bin/ruby
  -m,       [--template=TEMPLATE]                                  # Path to some application template (can be a filesystem path or URL)
  -d,       [--database=DATABASE]                                  # Preconfigure for selected database (options: mysql/postgresql/sqlite3/oracle/sqlserver/jdbcmysql/jdbcsqlite3/jdbcpostgresql/jdbc)
                                                                   # Default: sqlite3
  -G,       [--skip-git], [--no-skip-git]                          # Skip .gitignore file
            [--skip-keeps], [--no-skip-keeps]                      # Skip source control .keep files
  -M,       [--skip-action-mailer], [--no-skip-action-mailer]      # Skip Action Mailer files
            [--skip-action-mailbox], [--no-skip-action-mailbox]    # Skip Action Mailbox gem
            [--skip-action-text], [--no-skip-action-text]          # Skip Action Text gem
  -O,       [--skip-active-record], [--no-skip-active-record]      # Skip Active Record files
            [--skip-active-job], [--no-skip-active-job]            # Skip Active Job
            [--skip-active-storage], [--no-skip-active-storage]    # Skip Active Storage files
  -C,       [--skip-action-cable], [--no-skip-action-cable]        # Skip Action Cable files
  -A,       [--skip-asset-pipeline], [--no-skip-asset-pipeline]    # Indicates when to generate skip asset pipeline
  -a,       [--asset-pipeline=ASSET_PIPELINE]                      # Choose your asset pipeline [options: sprockets (default), propshaft]
                                                                   # Default: sprockets
  -J,       [--skip-javascript], [--no-skip-javascript]            # Skip JavaScript files
            [--skip-hotwire], [--no-skip-hotwire]                  # Skip Hotwire integration
            [--skip-jbuilder], [--no-skip-jbuilder]                # Skip jbuilder gem
  -T,       [--skip-test], [--no-skip-test]                        # Skip test files
            [--skip-system-test], [--no-skip-system-test]          # Skip system test files
            [--skip-bootsnap], [--no-skip-bootsnap]                # Skip bootsnap gem
            [--dev], [--no-dev]                                    # Set up the application with Gemfile pointing to your Rails checkout
            [--edge], [--no-edge]                                  # Set up the application with Gemfile pointing to Rails repository
  --master, [--main], [--no-main]                                  # Set up the application with Gemfile pointing to Rails repository main branch
            [--rc=RC]                                              # Path to file containing extra configuration options for rails command
            [--no-rc], [--no-no-rc]                                # Skip loading of extra configuration options from .railsrc file
            [--api], [--no-api]                                    # Preconfigure smaller stack for API only apps
            [--minimal], [--no-minimal]                            # Preconfigure a minimal rails app
  -j,       [--javascript=JAVASCRIPT]                              # Choose JavaScript approach [options: importmap (default), webpack, esbuild, rollup]
                                                                   # Default: importmap
  -c,       [--css=CSS]                                            # Choose CSS processor [options: tailwind, bootstrap, bulma, postcss, sass] check https://github.com/rails/cssbundling-rails
  -B,       [--skip-bundle], [--no-skip-bundle]                    # Don't run bundle install

Runtime options:
  -f, [--force]                    # Overwrite files that already exist
  -p, [--pretend], [--no-pretend]  # Run but do not make any changes
  -q, [--quiet], [--no-quiet]      # Suppress status output
  -s, [--skip], [--no-skip]        # Skip files that already exist

Rails options:
  -h, [--help], [--no-help]        # Show this help message and quit
  -v, [--version], [--no-version]  # Show Rails version number and quit

Description:
    The 'rails new' command creates a new Rails application with a default
    directory structure and configuration at the path you specify.

    You can specify extra command-line arguments to be used every time
    'rails new' runs in the .railsrc configuration file in your home directory,
    or in $XDG_CONFIG_HOME/rails/railsrc if XDG_CONFIG_HOME is set.

    Note that the arguments specified in the .railsrc file don't affect the
    defaults values shown above in this help message.

Example:
    rails new ~/Code/Ruby/weblog

    This generates a skeletal Rails installation in ~/Code/Ruby/weblog.
=> Booting Puma
=> Rails 7.0.5 application starting in development 
=> Run `bin/rails server --help` for more startup options
Puma starting in single mode...
* Puma version: 5.6.5 (ruby 3.2.2-p53) ("Birdie's Version")
*  Min threads: 5
*  Max threads: 5
*  Environment: development
*          PID: 326398
* Listening on http://0.0.0.0:3000
Use Ctrl-C to stop
Started GET "/users/dylanh" for 172.16.1.240 at 2023-07-17 18:46:27 +0000
/home/Tutera/.rbenv/versions/3.2.2/lib/ruby/gems/3.2.0/gems/activerecord-sqlserver-adapter-7.0.2.0/lib/active_record/connection_adapters/sqlserver_adapter.rb:111: warning: undefining the allocator of T_DATA class TinyTds::Result
  [1m[35mSQL (0.6ms)[0m  [1m[35mUSE [MasterSecurity][0m
  [1m[36mActiveRecord::SchemaMigration Pluck (1.2ms)[0m  [1m[34mSELECT [schema_migrations].[version] FROM [schema_migrations] ORDER BY [schema_migrations].[version] ASC[0m
Processing by MasterSecurity::UsersController#show as HTML
  Parameters: {"id"=>"dylanh"}
  [1m[35mSQL (0.5ms)[0m  [1m[35mUSE [MasterSecurity][0m
  ↳ app/controllers/master_security/users_controller.rb:64:in `set_user'
  [1m[36mUser Load (0.8ms)[0m  [1m[35mEXEC sp_executesql N'SELECT [User_Table].* FROM [User_Table] WHERE [User_Table].[User_ID] = @0 ORDER BY [User_Table].[User_Name] ASC OFFSET 0 ROWS FETCH NEXT @1 ROWS ONLY', N'@0 int, @1 int', @0 = NULL, @1 = 1[0m  [["User_ID", nil], ["LIMIT", nil]]
  ↳ app/controllers/master_security/users_controller.rb:64:in `set_user'
  [1m[36mUser Load (0.7ms)[0m  [1m[35mEXEC sp_executesql N'SELECT [User_Table].* FROM [User_Table] WHERE [User_Table].[User_Name] = @0 ORDER BY [User_Table].[User_Name] ASC OFFSET 0 ROWS FETCH NEXT @1 ROWS ONLY', N'@0 varchar(50), @1 int', @0 = 'dylanh', @1 = 1[0m  [["User_Name", nil], ["LIMIT", nil]]
  ↳ app/controllers/master_security/users_controller.rb:66:in `set_user'
[active_model_serializers] Rendered ActiveModel::Serializer::Null with Hash (0.14ms)
[active_model_serializers] Rendered Users::BasicUserSerializer with ActiveModelSerializers::Adapter::Attributes (0.45ms)
Completed 200 OK in 194ms (Views: 2.6ms | ActiveRecord: 49.3ms | Allocations: 55970)


- Gracefully stopping, waiting for requests to finish
=== puma shutdown: 2023-07-17 18:46:34 +0000 ===
- Goodbye!
Exiting
